2024-06-04T14:30:08.757+0500	INFO	app/main.go:28	Listen: 	{"address": "localhost:9050"}
2024-06-04T14:33:06.322+0500	INFO	app/main.go:39	api gateway service stops
2024-06-04T14:33:06.325+0500	ERROR	app/main.go:30	app run	{"error": "http: Server closed"}
main.main.func1
	/home/ali/Goland/crm_farmish/cmd/app/main.go:30
2024-06-04T14:33:09.032+0500	INFO	app/main.go:28	Listen: 	{"address": "localhost:9050"}
2024-06-04T14:34:03.193+0500	INFO	app/main.go:39	api gateway service stops
2024-06-04T14:34:03.194+0500	ERROR	app/main.go:30	app run	{"error": "http: Server closed"}
main.main.func1
	/home/ali/Goland/crm_farmish/cmd/app/main.go:30
2024-06-04T14:34:08.956+0500	INFO	app/main.go:28	Listen: 	{"address": "localhost:9050"}
2024-06-04T14:35:11.344+0500	INFO	app/main.go:39	api gateway service stops
2024-06-04T14:35:11.344+0500	ERROR	app/main.go:30	app run	{"error": "http: Server closed"}
main.main.func1
	/home/ali/Goland/crm_farmish/cmd/app/main.go:30
2024-06-04T14:35:12.787+0500	INFO	app/main.go:28	Listen: 	{"address": "localhost:9050"}
2024-06-04T14:36:08.193+0500	WARN	regtool/handle_error.go:21	ERROR: invalid input syntax for type uuid: "" (SQLSTATE 22P02)
crm-farmish/api/handlers/regtool.HandleError
	/home/ali/Goland/crm_farmish/api/handlers/regtool/handle_error.go:21
crm-farmish/api/handlers/v1.(*HandlerV1).DeleteAnimalTypes
	/home/ali/Goland/crm_farmish/api/handlers/v1/animal_types.go:222
github.com/gin-gonic/gin.(*Context).Next
	/home/ali/go/pkg/mod/github.com/gin-gonic/gin@v1.10.0/context.go:185
github.com/gin-gonic/gin.CustomRecoveryWithWriter.func1
	/home/ali/go/pkg/mod/github.com/gin-gonic/gin@v1.10.0/recovery.go:102
github.com/gin-gonic/gin.(*Context).Next
	/home/ali/go/pkg/mod/github.com/gin-gonic/gin@v1.10.0/context.go:185
github.com/gin-gonic/gin.LoggerWithConfig.func1
	/home/ali/go/pkg/mod/github.com/gin-gonic/gin@v1.10.0/logger.go:249
github.com/gin-gonic/gin.(*Context).Next
	/home/ali/go/pkg/mod/github.com/gin-gonic/gin@v1.10.0/context.go:185
github.com/gin-gonic/gin.(*Engine).handleHTTPRequest
	/home/ali/go/pkg/mod/github.com/gin-gonic/gin@v1.10.0/gin.go:633
github.com/gin-gonic/gin.(*Engine).ServeHTTP
	/home/ali/go/pkg/mod/github.com/gin-gonic/gin@v1.10.0/gin.go:589
net/http.serverHandler.ServeHTTP
	/usr/lib/go/src/net/http/server.go:3137
net/http.(*conn).serve
	/usr/lib/go/src/net/http/server.go:2039
2024-06-04T14:36:41.900+0500	INFO	app/main.go:39	api gateway service stops
2024-06-04T14:36:41.900+0500	ERROR	app/main.go:30	app run	{"error": "http: Server closed"}
main.main.func1
	/home/ali/Goland/crm_farmish/cmd/app/main.go:30
2024-06-04T14:36:43.703+0500	INFO	app/main.go:28	Listen: 	{"address": "localhost:9050"}
2024-06-04T14:36:45.427+0500	WARN	regtool/handle_error.go:21	ERROR: invalid input syntax for type uuid: "" (SQLSTATE 22P02)
crm-farmish/api/handlers/regtool.HandleError
	/home/ali/Goland/crm_farmish/api/handlers/regtool/handle_error.go:21
crm-farmish/api/handlers/v1.(*HandlerV1).DeleteAnimalTypes
	/home/ali/Goland/crm_farmish/api/handlers/v1/animal_types.go:224
github.com/gin-gonic/gin.(*Context).Next
	/home/ali/go/pkg/mod/github.com/gin-gonic/gin@v1.10.0/context.go:185
github.com/gin-gonic/gin.CustomRecoveryWithWriter.func1
	/home/ali/go/pkg/mod/github.com/gin-gonic/gin@v1.10.0/recovery.go:102
github.com/gin-gonic/gin.(*Context).Next
	/home/ali/go/pkg/mod/github.com/gin-gonic/gin@v1.10.0/context.go:185
github.com/gin-gonic/gin.LoggerWithConfig.func1
	/home/ali/go/pkg/mod/github.com/gin-gonic/gin@v1.10.0/logger.go:249
github.com/gin-gonic/gin.(*Context).Next
	/home/ali/go/pkg/mod/github.com/gin-gonic/gin@v1.10.0/context.go:185
github.com/gin-gonic/gin.(*Engine).handleHTTPRequest
	/home/ali/go/pkg/mod/github.com/gin-gonic/gin@v1.10.0/gin.go:633
github.com/gin-gonic/gin.(*Engine).ServeHTTP
	/home/ali/go/pkg/mod/github.com/gin-gonic/gin@v1.10.0/gin.go:589
net/http.serverHandler.ServeHTTP
	/usr/lib/go/src/net/http/server.go:3137
net/http.(*conn).serve
	/usr/lib/go/src/net/http/server.go:2039
2024-06-04T14:37:38.362+0500	INFO	app/main.go:39	api gateway service stops
2024-06-04T14:37:38.363+0500	ERROR	app/main.go:30	app run	{"error": "http: Server closed"}
main.main.func1
	/home/ali/Goland/crm_farmish/cmd/app/main.go:30
2024-06-04T14:37:40.202+0500	INFO	app/main.go:28	Listen: 	{"address": "localhost:9050"}
2024-06-04T14:37:43.254+0500	WARN	regtool/handle_error.go:21	ERROR: invalid input syntax for type uuid: "" (SQLSTATE 22P02)
crm-farmish/api/handlers/regtool.HandleError
	/home/ali/Goland/crm_farmish/api/handlers/regtool/handle_error.go:21
crm-farmish/api/handlers/v1.(*HandlerV1).DeleteAnimalTypes
	/home/ali/Goland/crm_farmish/api/handlers/v1/animal_types.go:224
github.com/gin-gonic/gin.(*Context).Next
	/home/ali/go/pkg/mod/github.com/gin-gonic/gin@v1.10.0/context.go:185
github.com/gin-gonic/gin.CustomRecoveryWithWriter.func1
	/home/ali/go/pkg/mod/github.com/gin-gonic/gin@v1.10.0/recovery.go:102
github.com/gin-gonic/gin.(*Context).Next
	/home/ali/go/pkg/mod/github.com/gin-gonic/gin@v1.10.0/context.go:185
github.com/gin-gonic/gin.LoggerWithConfig.func1
	/home/ali/go/pkg/mod/github.com/gin-gonic/gin@v1.10.0/logger.go:249
github.com/gin-gonic/gin.(*Context).Next
	/home/ali/go/pkg/mod/github.com/gin-gonic/gin@v1.10.0/context.go:185
github.com/gin-gonic/gin.(*Engine).handleHTTPRequest
	/home/ali/go/pkg/mod/github.com/gin-gonic/gin@v1.10.0/gin.go:633
github.com/gin-gonic/gin.(*Engine).ServeHTTP
	/home/ali/go/pkg/mod/github.com/gin-gonic/gin@v1.10.0/gin.go:589
net/http.serverHandler.ServeHTTP
	/usr/lib/go/src/net/http/server.go:3137
net/http.(*conn).serve
	/usr/lib/go/src/net/http/server.go:2039
2024-06-04T14:39:18.274+0500	INFO	app/main.go:39	api gateway service stops
2024-06-04T14:39:18.275+0500	ERROR	app/main.go:30	app run	{"error": "http: Server closed"}
main.main.func1
	/home/ali/Goland/crm_farmish/cmd/app/main.go:30
2024-06-04T14:39:19.389+0500	INFO	app/main.go:28	Listen: 	{"address": "localhost:9050"}
2024-06-04T14:40:21.602+0500	INFO	app/main.go:39	api gateway service stops
2024-06-04T14:40:23.208+0500	INFO	app/main.go:28	Listen: 	{"address": "localhost:9050"}
2024-06-04T14:42:41.875+0500	INFO	app/main.go:39	api gateway service stops
2024-06-04T14:42:41.876+0500	ERROR	app/main.go:30	app run	{"error": "http: Server closed"}
main.main.func1
	/home/ali/Goland/crm_farmish/cmd/app/main.go:30
2024-06-04T14:43:08.422+0500	INFO	app/main.go:28	Listen: 	{"address": "localhost:9050"}
2024-06-04T14:44:57.311+0500	INFO	app/main.go:39	api gateway service stops
2024-06-04T14:44:57.314+0500	ERROR	app/main.go:30	app run	{"error": "http: Server closed"}
main.main.func1
	/home/ali/Goland/crm_farmish/cmd/app/main.go:30
2024-06-04T14:44:58.966+0500	INFO	app/main.go:28	Listen: 	{"address": "localhost:9050"}
2024-06-04T14:45:29.811+0500	INFO	app/main.go:39	api gateway service stops
2024-06-04T14:45:29.812+0500	ERROR	app/main.go:30	app run	{"error": "http: Server closed"}
main.main.func1
	/home/ali/Goland/crm_farmish/cmd/app/main.go:30
2024-06-04T15:15:18.793+0500	INFO	app/main.go:28	Listen: 	{"address": "localhost:9050"}
2024-06-04T15:15:36.690+0500	INFO	app/main.go:39	api gateway service stops
2024-06-04T15:15:36.691+0500	ERROR	app/main.go:30	app run	{"error": "http: Server closed"}
main.main.func1
	/home/ali/Goland/crm_farmish/cmd/app/main.go:30
2024-06-04T15:15:55.547+0500	INFO	app/main.go:28	Listen: 	{"address": "localhost:9050"}
2024-06-04T15:16:40.919+0500	WARN	regtool/handle_error.go:21	ERROR: syntax error at or near "[" (SQLSTATE 42601)
crm-farmish/api/handlers/regtool.HandleError
	/home/ali/Goland/crm_farmish/api/handlers/regtool/handle_error.go:21
crm-farmish/api/handlers/v1.(*HandlerV1).CreateAnimals
	/home/ali/Goland/crm_farmish/api/handlers/v1/animals.go:60
github.com/gin-gonic/gin.(*Context).Next
	/home/ali/go/pkg/mod/github.com/gin-gonic/gin@v1.10.0/context.go:185
github.com/gin-gonic/gin.CustomRecoveryWithWriter.func1
	/home/ali/go/pkg/mod/github.com/gin-gonic/gin@v1.10.0/recovery.go:102
github.com/gin-gonic/gin.(*Context).Next
	/home/ali/go/pkg/mod/github.com/gin-gonic/gin@v1.10.0/context.go:185
github.com/gin-gonic/gin.LoggerWithConfig.func1
	/home/ali/go/pkg/mod/github.com/gin-gonic/gin@v1.10.0/logger.go:249
github.com/gin-gonic/gin.(*Context).Next
	/home/ali/go/pkg/mod/github.com/gin-gonic/gin@v1.10.0/context.go:185
github.com/gin-gonic/gin.(*Engine).handleHTTPRequest
	/home/ali/go/pkg/mod/github.com/gin-gonic/gin@v1.10.0/gin.go:633
github.com/gin-gonic/gin.(*Engine).ServeHTTP
	/home/ali/go/pkg/mod/github.com/gin-gonic/gin@v1.10.0/gin.go:589
net/http.serverHandler.ServeHTTP
	/usr/lib/go/src/net/http/server.go:3137
net/http.(*conn).serve
	/usr/lib/go/src/net/http/server.go:2039
2024-06-04T15:19:24.385+0500	INFO	app/main.go:39	api gateway service stops
2024-06-04T15:19:24.386+0500	ERROR	app/main.go:30	app run	{"error": "http: Server closed"}
main.main.func1
	/home/ali/Goland/crm_farmish/cmd/app/main.go:30
2024-06-04T15:19:25.850+0500	INFO	app/main.go:28	Listen: 	{"address": "localhost:9050"}
2024-06-04T15:19:27.779+0500	WARN	regtool/handle_error.go:21	ERROR: invalid input syntax for type uuid: "string" (SQLSTATE 22P02)
crm-farmish/api/handlers/regtool.HandleError
	/home/ali/Goland/crm_farmish/api/handlers/regtool/handle_error.go:21
crm-farmish/api/handlers/v1.(*HandlerV1).CreateAnimals
	/home/ali/Goland/crm_farmish/api/handlers/v1/animals.go:60
github.com/gin-gonic/gin.(*Context).Next
	/home/ali/go/pkg/mod/github.com/gin-gonic/gin@v1.10.0/context.go:185
github.com/gin-gonic/gin.CustomRecoveryWithWriter.func1
	/home/ali/go/pkg/mod/github.com/gin-gonic/gin@v1.10.0/recovery.go:102
github.com/gin-gonic/gin.(*Context).Next
	/home/ali/go/pkg/mod/github.com/gin-gonic/gin@v1.10.0/context.go:185
github.com/gin-gonic/gin.LoggerWithConfig.func1
	/home/ali/go/pkg/mod/github.com/gin-gonic/gin@v1.10.0/logger.go:249
github.com/gin-gonic/gin.(*Context).Next
	/home/ali/go/pkg/mod/github.com/gin-gonic/gin@v1.10.0/context.go:185
github.com/gin-gonic/gin.(*Engine).handleHTTPRequest
	/home/ali/go/pkg/mod/github.com/gin-gonic/gin@v1.10.0/gin.go:633
github.com/gin-gonic/gin.(*Engine).ServeHTTP
	/home/ali/go/pkg/mod/github.com/gin-gonic/gin@v1.10.0/gin.go:589
net/http.serverHandler.ServeHTTP
	/usr/lib/go/src/net/http/server.go:3137
net/http.(*conn).serve
	/usr/lib/go/src/net/http/server.go:2039
2024-06-04T15:20:24.130+0500	INFO	app/main.go:39	api gateway service stops
2024-06-04T15:20:24.130+0500	ERROR	app/main.go:30	app run	{"error": "http: Server closed"}
main.main.func1
	/home/ali/Goland/crm_farmish/cmd/app/main.go:30
2024-06-04T15:20:25.242+0500	INFO	app/main.go:28	Listen: 	{"address": "localhost:9050"}
2024-06-04T15:20:28.209+0500	WARN	regtool/handle_error.go:21	ERROR: invalid input syntax for type uuid: "string" (SQLSTATE 22P02)
crm-farmish/api/handlers/regtool.HandleError
	/home/ali/Goland/crm_farmish/api/handlers/regtool/handle_error.go:21
crm-farmish/api/handlers/v1.(*HandlerV1).CreateAnimals
	/home/ali/Goland/crm_farmish/api/handlers/v1/animals.go:60
github.com/gin-gonic/gin.(*Context).Next
	/home/ali/go/pkg/mod/github.com/gin-gonic/gin@v1.10.0/context.go:185
github.com/gin-gonic/gin.CustomRecoveryWithWriter.func1
	/home/ali/go/pkg/mod/github.com/gin-gonic/gin@v1.10.0/recovery.go:102
github.com/gin-gonic/gin.(*Context).Next
	/home/ali/go/pkg/mod/github.com/gin-gonic/gin@v1.10.0/context.go:185
github.com/gin-gonic/gin.LoggerWithConfig.func1
	/home/ali/go/pkg/mod/github.com/gin-gonic/gin@v1.10.0/logger.go:249
github.com/gin-gonic/gin.(*Context).Next
	/home/ali/go/pkg/mod/github.com/gin-gonic/gin@v1.10.0/context.go:185
github.com/gin-gonic/gin.(*Engine).handleHTTPRequest
	/home/ali/go/pkg/mod/github.com/gin-gonic/gin@v1.10.0/gin.go:633
github.com/gin-gonic/gin.(*Engine).ServeHTTP
	/home/ali/go/pkg/mod/github.com/gin-gonic/gin@v1.10.0/gin.go:589
net/http.serverHandler.ServeHTTP
	/usr/lib/go/src/net/http/server.go:3137
net/http.(*conn).serve
	/usr/lib/go/src/net/http/server.go:2039
2024-06-04T15:21:02.624+0500	INFO	app/main.go:39	api gateway service stops
2024-06-04T15:21:03.693+0500	INFO	app/main.go:28	Listen: 	{"address": "localhost:9050"}
2024-06-04T15:21:06.319+0500	WARN	regtool/handle_error.go:21	ERROR: invalid input syntax for type uuid: "string" (SQLSTATE 22P02)
crm-farmish/api/handlers/regtool.HandleError
	/home/ali/Goland/crm_farmish/api/handlers/regtool/handle_error.go:21
crm-farmish/api/handlers/v1.(*HandlerV1).CreateAnimals
	/home/ali/Goland/crm_farmish/api/handlers/v1/animals.go:60
github.com/gin-gonic/gin.(*Context).Next
	/home/ali/go/pkg/mod/github.com/gin-gonic/gin@v1.10.0/context.go:185
github.com/gin-gonic/gin.CustomRecoveryWithWriter.func1
	/home/ali/go/pkg/mod/github.com/gin-gonic/gin@v1.10.0/recovery.go:102
github.com/gin-gonic/gin.(*Context).Next
	/home/ali/go/pkg/mod/github.com/gin-gonic/gin@v1.10.0/context.go:185
github.com/gin-gonic/gin.LoggerWithConfig.func1
	/home/ali/go/pkg/mod/github.com/gin-gonic/gin@v1.10.0/logger.go:249
github.com/gin-gonic/gin.(*Context).Next
	/home/ali/go/pkg/mod/github.com/gin-gonic/gin@v1.10.0/context.go:185
github.com/gin-gonic/gin.(*Engine).handleHTTPRequest
	/home/ali/go/pkg/mod/github.com/gin-gonic/gin@v1.10.0/gin.go:633
github.com/gin-gonic/gin.(*Engine).ServeHTTP
	/home/ali/go/pkg/mod/github.com/gin-gonic/gin@v1.10.0/gin.go:589
net/http.serverHandler.ServeHTTP
	/usr/lib/go/src/net/http/server.go:3137
net/http.(*conn).serve
	/usr/lib/go/src/net/http/server.go:2039
2024-06-04T15:21:22.939+0500	INFO	app/main.go:39	api gateway service stops
2024-06-04T15:21:22.940+0500	ERROR	app/main.go:30	app run	{"error": "http: Server closed"}
main.main.func1
	/home/ali/Goland/crm_farmish/cmd/app/main.go:30
2024-06-04T15:21:24.062+0500	INFO	app/main.go:28	Listen: 	{"address": "localhost:9050"}
2024-06-04T15:21:25.906+0500	WARN	regtool/handle_error.go:21	ERROR: invalid input syntax for type uuid: "string" (SQLSTATE 22P02)
crm-farmish/api/handlers/regtool.HandleError
	/home/ali/Goland/crm_farmish/api/handlers/regtool/handle_error.go:21
crm-farmish/api/handlers/v1.(*HandlerV1).CreateAnimals
	/home/ali/Goland/crm_farmish/api/handlers/v1/animals.go:60
github.com/gin-gonic/gin.(*Context).Next
	/home/ali/go/pkg/mod/github.com/gin-gonic/gin@v1.10.0/context.go:185
github.com/gin-gonic/gin.CustomRecoveryWithWriter.func1
	/home/ali/go/pkg/mod/github.com/gin-gonic/gin@v1.10.0/recovery.go:102
github.com/gin-gonic/gin.(*Context).Next
	/home/ali/go/pkg/mod/github.com/gin-gonic/gin@v1.10.0/context.go:185
github.com/gin-gonic/gin.LoggerWithConfig.func1
	/home/ali/go/pkg/mod/github.com/gin-gonic/gin@v1.10.0/logger.go:249
github.com/gin-gonic/gin.(*Context).Next
	/home/ali/go/pkg/mod/github.com/gin-gonic/gin@v1.10.0/context.go:185
github.com/gin-gonic/gin.(*Engine).handleHTTPRequest
	/home/ali/go/pkg/mod/github.com/gin-gonic/gin@v1.10.0/gin.go:633
github.com/gin-gonic/gin.(*Engine).ServeHTTP
	/home/ali/go/pkg/mod/github.com/gin-gonic/gin@v1.10.0/gin.go:589
net/http.serverHandler.ServeHTTP
	/usr/lib/go/src/net/http/server.go:3137
net/http.(*conn).serve
	/usr/lib/go/src/net/http/server.go:2039
2024-06-04T15:22:27.839+0500	WARN	regtool/handle_error.go:21	ERROR: insert or update on table "animals" violates foreign key constraint "animals_type_foreign" (SQLSTATE 23503)
crm-farmish/api/handlers/regtool.HandleError
	/home/ali/Goland/crm_farmish/api/handlers/regtool/handle_error.go:21
crm-farmish/api/handlers/v1.(*HandlerV1).CreateAnimals
	/home/ali/Goland/crm_farmish/api/handlers/v1/animals.go:60
github.com/gin-gonic/gin.(*Context).Next
	/home/ali/go/pkg/mod/github.com/gin-gonic/gin@v1.10.0/context.go:185
github.com/gin-gonic/gin.CustomRecoveryWithWriter.func1
	/home/ali/go/pkg/mod/github.com/gin-gonic/gin@v1.10.0/recovery.go:102
github.com/gin-gonic/gin.(*Context).Next
	/home/ali/go/pkg/mod/github.com/gin-gonic/gin@v1.10.0/context.go:185
github.com/gin-gonic/gin.LoggerWithConfig.func1
	/home/ali/go/pkg/mod/github.com/gin-gonic/gin@v1.10.0/logger.go:249
github.com/gin-gonic/gin.(*Context).Next
	/home/ali/go/pkg/mod/github.com/gin-gonic/gin@v1.10.0/context.go:185
github.com/gin-gonic/gin.(*Engine).handleHTTPRequest
	/home/ali/go/pkg/mod/github.com/gin-gonic/gin@v1.10.0/gin.go:633
github.com/gin-gonic/gin.(*Engine).ServeHTTP
	/home/ali/go/pkg/mod/github.com/gin-gonic/gin@v1.10.0/gin.go:589
net/http.serverHandler.ServeHTTP
	/usr/lib/go/src/net/http/server.go:3137
net/http.(*conn).serve
	/usr/lib/go/src/net/http/server.go:2039
2024-06-04T15:22:50.246+0500	WARN	regtool/handle_error.go:21	can't scan into dest[8]: cannot assign NULL to *time.Time
crm-farmish/api/handlers/regtool.HandleError
	/home/ali/Goland/crm_farmish/api/handlers/regtool/handle_error.go:21
crm-farmish/api/handlers/v1.(*HandlerV1).CreateAnimals
	/home/ali/Goland/crm_farmish/api/handlers/v1/animals.go:60
github.com/gin-gonic/gin.(*Context).Next
	/home/ali/go/pkg/mod/github.com/gin-gonic/gin@v1.10.0/context.go:185
github.com/gin-gonic/gin.CustomRecoveryWithWriter.func1
	/home/ali/go/pkg/mod/github.com/gin-gonic/gin@v1.10.0/recovery.go:102
github.com/gin-gonic/gin.(*Context).Next
	/home/ali/go/pkg/mod/github.com/gin-gonic/gin@v1.10.0/context.go:185
github.com/gin-gonic/gin.LoggerWithConfig.func1
	/home/ali/go/pkg/mod/github.com/gin-gonic/gin@v1.10.0/logger.go:249
github.com/gin-gonic/gin.(*Context).Next
	/home/ali/go/pkg/mod/github.com/gin-gonic/gin@v1.10.0/context.go:185
github.com/gin-gonic/gin.(*Engine).handleHTTPRequest
	/home/ali/go/pkg/mod/github.com/gin-gonic/gin@v1.10.0/gin.go:633
github.com/gin-gonic/gin.(*Engine).ServeHTTP
	/home/ali/go/pkg/mod/github.com/gin-gonic/gin@v1.10.0/gin.go:589
net/http.serverHandler.ServeHTTP
	/usr/lib/go/src/net/http/server.go:3137
net/http.(*conn).serve
	/usr/lib/go/src/net/http/server.go:2039
2024-06-04T15:23:58.565+0500	INFO	app/main.go:39	api gateway service stops
2024-06-04T15:23:58.565+0500	ERROR	app/main.go:30	app run	{"error": "http: Server closed"}
main.main.func1
	/home/ali/Goland/crm_farmish/cmd/app/main.go:30
2024-06-04T15:24:02.599+0500	INFO	app/main.go:28	Listen: 	{"address": "localhost:9050"}
2024-06-04T15:24:04.607+0500	WARN	regtool/handle_error.go:21	can't scan into dest[8]: cannot assign NULL to *time.Time
crm-farmish/api/handlers/regtool.HandleError
	/home/ali/Goland/crm_farmish/api/handlers/regtool/handle_error.go:21
crm-farmish/api/handlers/v1.(*HandlerV1).CreateAnimals
	/home/ali/Goland/crm_farmish/api/handlers/v1/animals.go:60
github.com/gin-gonic/gin.(*Context).Next
	/home/ali/go/pkg/mod/github.com/gin-gonic/gin@v1.10.0/context.go:185
github.com/gin-gonic/gin.CustomRecoveryWithWriter.func1
	/home/ali/go/pkg/mod/github.com/gin-gonic/gin@v1.10.0/recovery.go:102
github.com/gin-gonic/gin.(*Context).Next
	/home/ali/go/pkg/mod/github.com/gin-gonic/gin@v1.10.0/context.go:185
github.com/gin-gonic/gin.LoggerWithConfig.func1
	/home/ali/go/pkg/mod/github.com/gin-gonic/gin@v1.10.0/logger.go:249
github.com/gin-gonic/gin.(*Context).Next
	/home/ali/go/pkg/mod/github.com/gin-gonic/gin@v1.10.0/context.go:185
github.com/gin-gonic/gin.(*Engine).handleHTTPRequest
	/home/ali/go/pkg/mod/github.com/gin-gonic/gin@v1.10.0/gin.go:633
github.com/gin-gonic/gin.(*Engine).ServeHTTP
	/home/ali/go/pkg/mod/github.com/gin-gonic/gin@v1.10.0/gin.go:589
net/http.serverHandler.ServeHTTP
	/usr/lib/go/src/net/http/server.go:3137
net/http.(*conn).serve
	/usr/lib/go/src/net/http/server.go:2039
2024-06-04T15:25:16.471+0500	INFO	app/main.go:39	api gateway service stops
2024-06-04T15:25:16.475+0500	ERROR	app/main.go:30	app run	{"error": "http: Server closed"}
main.main.func1
	/home/ali/Goland/crm_farmish/cmd/app/main.go:30
2024-06-04T15:25:30.656+0500	INFO	app/main.go:28	Listen: 	{"address": "localhost:9050"}
2024-06-04T15:26:50.406+0500	WARN	regtool/handle_error.go:21	parsing time "test" as "2006-01-02 15:04:05": cannot parse "test" as "2006"
crm-farmish/api/handlers/regtool.HandleError
	/home/ali/Goland/crm_farmish/api/handlers/regtool/handle_error.go:21
crm-farmish/api/handlers/v1.(*HandlerV1).UpdateAnimals
	/home/ali/Goland/crm_farmish/api/handlers/v1/animals.go:201
github.com/gin-gonic/gin.(*Context).Next
	/home/ali/go/pkg/mod/github.com/gin-gonic/gin@v1.10.0/context.go:185
github.com/gin-gonic/gin.CustomRecoveryWithWriter.func1
	/home/ali/go/pkg/mod/github.com/gin-gonic/gin@v1.10.0/recovery.go:102
github.com/gin-gonic/gin.(*Context).Next
	/home/ali/go/pkg/mod/github.com/gin-gonic/gin@v1.10.0/context.go:185
github.com/gin-gonic/gin.LoggerWithConfig.func1
	/home/ali/go/pkg/mod/github.com/gin-gonic/gin@v1.10.0/logger.go:249
github.com/gin-gonic/gin.(*Context).Next
	/home/ali/go/pkg/mod/github.com/gin-gonic/gin@v1.10.0/context.go:185
github.com/gin-gonic/gin.(*Engine).handleHTTPRequest
	/home/ali/go/pkg/mod/github.com/gin-gonic/gin@v1.10.0/gin.go:633
github.com/gin-gonic/gin.(*Engine).ServeHTTP
	/home/ali/go/pkg/mod/github.com/gin-gonic/gin@v1.10.0/gin.go:589
net/http.serverHandler.ServeHTTP
	/usr/lib/go/src/net/http/server.go:3137
net/http.(*conn).serve
	/usr/lib/go/src/net/http/server.go:2039
2024-06-04T15:27:22.571+0500	WARN	regtool/handle_error.go:21	ERROR: new row for relation "animals" violates check constraint "animals_gender_check" (SQLSTATE 23514)
crm-farmish/api/handlers/regtool.HandleError
	/home/ali/Goland/crm_farmish/api/handlers/regtool/handle_error.go:21
crm-farmish/api/handlers/v1.(*HandlerV1).UpdateAnimals
	/home/ali/Goland/crm_farmish/api/handlers/v1/animals.go:224
github.com/gin-gonic/gin.(*Context).Next
	/home/ali/go/pkg/mod/github.com/gin-gonic/gin@v1.10.0/context.go:185
github.com/gin-gonic/gin.CustomRecoveryWithWriter.func1
	/home/ali/go/pkg/mod/github.com/gin-gonic/gin@v1.10.0/recovery.go:102
github.com/gin-gonic/gin.(*Context).Next
	/home/ali/go/pkg/mod/github.com/gin-gonic/gin@v1.10.0/context.go:185
github.com/gin-gonic/gin.LoggerWithConfig.func1
	/home/ali/go/pkg/mod/github.com/gin-gonic/gin@v1.10.0/logger.go:249
github.com/gin-gonic/gin.(*Context).Next
	/home/ali/go/pkg/mod/github.com/gin-gonic/gin@v1.10.0/context.go:185
github.com/gin-gonic/gin.(*Engine).handleHTTPRequest
	/home/ali/go/pkg/mod/github.com/gin-gonic/gin@v1.10.0/gin.go:633
github.com/gin-gonic/gin.(*Engine).ServeHTTP
	/home/ali/go/pkg/mod/github.com/gin-gonic/gin@v1.10.0/gin.go:589
net/http.serverHandler.ServeHTTP
	/usr/lib/go/src/net/http/server.go:3137
net/http.(*conn).serve
	/usr/lib/go/src/net/http/server.go:2039
2024-06-04T15:28:22.355+0500	INFO	app/main.go:39	api gateway service stops
2024-06-04T15:28:22.355+0500	ERROR	app/main.go:30	app run	{"error": "http: Server closed"}
main.main.func1
	/home/ali/Goland/crm_farmish/cmd/app/main.go:30
2024-06-04T15:48:13.519+0500	INFO	app/main.go:28	Listen: 	{"address": "localhost:9050"}
2024-06-04T15:49:13.070+0500	INFO	app/main.go:39	api gateway service stops
2024-06-04T15:49:13.073+0500	ERROR	app/main.go:30	app run	{"error": "http: Server closed"}
main.main.func1
	/home/ali/Goland/crm_farmish/cmd/app/main.go:30
2024-06-04T15:49:20.958+0500	INFO	app/main.go:28	Listen: 	{"address": "localhost:9050"}
2024-06-04T15:51:02.094+0500	INFO	app/main.go:39	api gateway service stops
2024-06-04T15:51:02.095+0500	ERROR	app/main.go:30	app run	{"error": "http: Server closed"}
main.main.func1
	/home/ali/Goland/crm_farmish/cmd/app/main.go:30
2024-06-04T15:51:14.667+0500	INFO	app/main.go:28	Listen: 	{"address": "localhost:9050"}
2024-06-04T15:51:48.045+0500	WARN	regtool/handle_error.go:21	ERROR: insert or update on table "food_warehouse" violates foreign key constraint "food_warehouse_animal_type_foreign" (SQLSTATE 23503)
crm-farmish/api/handlers/regtool.HandleError
	/home/ali/Goland/crm_farmish/api/handlers/regtool/handle_error.go:21
crm-farmish/api/handlers/v1.(*HandlerV1).CreateFoodWarehouse
	/home/ali/Goland/crm_farmish/api/handlers/v1/food_warehouse.go:49
github.com/gin-gonic/gin.(*Context).Next
	/home/ali/go/pkg/mod/github.com/gin-gonic/gin@v1.10.0/context.go:185
github.com/gin-gonic/gin.CustomRecoveryWithWriter.func1
	/home/ali/go/pkg/mod/github.com/gin-gonic/gin@v1.10.0/recovery.go:102
github.com/gin-gonic/gin.(*Context).Next
	/home/ali/go/pkg/mod/github.com/gin-gonic/gin@v1.10.0/context.go:185
github.com/gin-gonic/gin.LoggerWithConfig.func1
	/home/ali/go/pkg/mod/github.com/gin-gonic/gin@v1.10.0/logger.go:249
github.com/gin-gonic/gin.(*Context).Next
	/home/ali/go/pkg/mod/github.com/gin-gonic/gin@v1.10.0/context.go:185
github.com/gin-gonic/gin.(*Engine).handleHTTPRequest
	/home/ali/go/pkg/mod/github.com/gin-gonic/gin@v1.10.0/gin.go:633
github.com/gin-gonic/gin.(*Engine).ServeHTTP
	/home/ali/go/pkg/mod/github.com/gin-gonic/gin@v1.10.0/gin.go:589
net/http.serverHandler.ServeHTTP
	/usr/lib/go/src/net/http/server.go:3137
net/http.(*conn).serve
	/usr/lib/go/src/net/http/server.go:2039
2024-06-04T15:55:33.139+0500	INFO	app/main.go:39	api gateway service stops
2024-06-04T15:55:33.140+0500	ERROR	app/main.go:30	app run	{"error": "http: Server closed"}
main.main.func1
	/home/ali/Goland/crm_farmish/cmd/app/main.go:30
2024-06-04T15:55:52.302+0500	INFO	app/main.go:28	Listen: 	{"address": "localhost:9050"}
2024-06-04T15:57:23.536+0500	WARN	regtool/handle_error.go:21	ERROR: insert or update on table "food_warehouse" violates foreign key constraint "food_warehouse_animal_type_foreign" (SQLSTATE 23503)
crm-farmish/api/handlers/regtool.HandleError
	/home/ali/Goland/crm_farmish/api/handlers/regtool/handle_error.go:21
crm-farmish/api/handlers/v1.(*HandlerV1).CreateFoodWarehouse
	/home/ali/Goland/crm_farmish/api/handlers/v1/food_warehouse.go:49
github.com/gin-gonic/gin.(*Context).Next
	/home/ali/go/pkg/mod/github.com/gin-gonic/gin@v1.10.0/context.go:185
github.com/gin-gonic/gin.CustomRecoveryWithWriter.func1
	/home/ali/go/pkg/mod/github.com/gin-gonic/gin@v1.10.0/recovery.go:102
github.com/gin-gonic/gin.(*Context).Next
	/home/ali/go/pkg/mod/github.com/gin-gonic/gin@v1.10.0/context.go:185
github.com/gin-gonic/gin.LoggerWithConfig.func1
	/home/ali/go/pkg/mod/github.com/gin-gonic/gin@v1.10.0/logger.go:249
github.com/gin-gonic/gin.(*Context).Next
	/home/ali/go/pkg/mod/github.com/gin-gonic/gin@v1.10.0/context.go:185
github.com/gin-gonic/gin.(*Engine).handleHTTPRequest
	/home/ali/go/pkg/mod/github.com/gin-gonic/gin@v1.10.0/gin.go:633
github.com/gin-gonic/gin.(*Engine).ServeHTTP
	/home/ali/go/pkg/mod/github.com/gin-gonic/gin@v1.10.0/gin.go:589
net/http.serverHandler.ServeHTTP
	/usr/lib/go/src/net/http/server.go:3137
net/http.(*conn).serve
	/usr/lib/go/src/net/http/server.go:2039
2024-06-04T16:03:06.396+0500	WARN	regtool/handle_error.go:21	number of field descriptions must equal number of destinations, got 10 and 7
crm-farmish/api/handlers/regtool.HandleError
	/home/ali/Goland/crm_farmish/api/handlers/regtool/handle_error.go:21
crm-farmish/api/handlers/v1.(*HandlerV1).CreateFoodWarehouse
	/home/ali/Goland/crm_farmish/api/handlers/v1/food_warehouse.go:49
github.com/gin-gonic/gin.(*Context).Next
	/home/ali/go/pkg/mod/github.com/gin-gonic/gin@v1.10.0/context.go:185
github.com/gin-gonic/gin.CustomRecoveryWithWriter.func1
	/home/ali/go/pkg/mod/github.com/gin-gonic/gin@v1.10.0/recovery.go:102
github.com/gin-gonic/gin.(*Context).Next
	/home/ali/go/pkg/mod/github.com/gin-gonic/gin@v1.10.0/context.go:185
github.com/gin-gonic/gin.LoggerWithConfig.func1
	/home/ali/go/pkg/mod/github.com/gin-gonic/gin@v1.10.0/logger.go:249
github.com/gin-gonic/gin.(*Context).Next
	/home/ali/go/pkg/mod/github.com/gin-gonic/gin@v1.10.0/context.go:185
github.com/gin-gonic/gin.(*Engine).handleHTTPRequest
	/home/ali/go/pkg/mod/github.com/gin-gonic/gin@v1.10.0/gin.go:633
github.com/gin-gonic/gin.(*Engine).ServeHTTP
	/home/ali/go/pkg/mod/github.com/gin-gonic/gin@v1.10.0/gin.go:589
net/http.serverHandler.ServeHTTP
	/usr/lib/go/src/net/http/server.go:3137
net/http.(*conn).serve
	/usr/lib/go/src/net/http/server.go:2039
2024-06-04T16:05:15.045+0500	INFO	app/main.go:39	api gateway service stops
2024-06-04T16:05:15.046+0500	ERROR	app/main.go:30	app run	{"error": "http: Server closed"}
main.main.func1
	/home/ali/Goland/crm_farmish/cmd/app/main.go:30
2024-06-04T16:05:16.653+0500	INFO	app/main.go:28	Listen: 	{"address": "localhost:9050"}
2024-06-04T16:05:20.241+0500	WARN	regtool/handle_error.go:21	number of field descriptions must equal number of destinations, got 10 and 7
crm-farmish/api/handlers/regtool.HandleError
	/home/ali/Goland/crm_farmish/api/handlers/regtool/handle_error.go:21
crm-farmish/api/handlers/v1.(*HandlerV1).CreateFoodWarehouse
	/home/ali/Goland/crm_farmish/api/handlers/v1/food_warehouse.go:49
github.com/gin-gonic/gin.(*Context).Next
	/home/ali/go/pkg/mod/github.com/gin-gonic/gin@v1.10.0/context.go:185
github.com/gin-gonic/gin.CustomRecoveryWithWriter.func1
	/home/ali/go/pkg/mod/github.com/gin-gonic/gin@v1.10.0/recovery.go:102
github.com/gin-gonic/gin.(*Context).Next
	/home/ali/go/pkg/mod/github.com/gin-gonic/gin@v1.10.0/context.go:185
github.com/gin-gonic/gin.LoggerWithConfig.func1
	/home/ali/go/pkg/mod/github.com/gin-gonic/gin@v1.10.0/logger.go:249
github.com/gin-gonic/gin.(*Context).Next
	/home/ali/go/pkg/mod/github.com/gin-gonic/gin@v1.10.0/context.go:185
github.com/gin-gonic/gin.(*Engine).handleHTTPRequest
	/home/ali/go/pkg/mod/github.com/gin-gonic/gin@v1.10.0/gin.go:633
github.com/gin-gonic/gin.(*Engine).ServeHTTP
	/home/ali/go/pkg/mod/github.com/gin-gonic/gin@v1.10.0/gin.go:589
net/http.serverHandler.ServeHTTP
	/usr/lib/go/src/net/http/server.go:3137
net/http.(*conn).serve
	/usr/lib/go/src/net/http/server.go:2039
2024-06-04T16:07:40.998+0500	INFO	app/main.go:39	api gateway service stops
2024-06-04T16:07:40.999+0500	ERROR	app/main.go:30	app run	{"error": "http: Server closed"}
main.main.func1
	/home/ali/Goland/crm_farmish/cmd/app/main.go:30
2024-06-04T16:07:46.590+0500	INFO	app/main.go:28	Listen: 	{"address": "localhost:9050"}
2024-06-04T20:40:33.407+0500	INFO	app/main.go:39	api gateway service stops
2024-06-04T20:40:51.874+0500	INFO	app/main.go:28	Listen: 	{"address": "localhost:9050"}
2024-06-04T20:45:14.445+0500	INFO	app/main.go:39	api gateway service stops
2024-06-04T20:45:14.449+0500	ERROR	app/main.go:30	app run	{"error": "http: Server closed"}
main.main.func1
	/home/ali/Goland/crm_farmish/cmd/app/main.go:30
2024-06-05T11:03:04.094+0500	INFO	app/main.go:28	Listen: 	{"address": "localhost:9050"}
2024-06-05T11:14:35.586+0500	INFO	app/main.go:39	api gateway service stops
2024-06-05T11:14:35.587+0500	ERROR	app/main.go:30	app run	{"error": "http: Server closed"}
main.main.func1
	/home/ali/Goland/crm_farmish/cmd/app/main.go:30
2024-06-05T23:12:41.167+0500	INFO	app/main.go:28	Listen: 	{"address": "localhost:9050"}
2024-06-05T23:14:51.161+0500	INFO	app/main.go:39	api gateway service stops
2024-06-05T23:14:51.161+0500	ERROR	app/main.go:30	app run	{"error": "http: Server closed"}
main.main.func1
	/home/ali/Goland/crm_farmish/cmd/app/main.go:30
2024-06-05T23:14:52.836+0500	INFO	app/main.go:28	Listen: 	{"address": "localhost:9050"}
2024-06-05T23:15:16.019+0500	INFO	app/main.go:39	api gateway service stops
2024-06-05T23:15:16.020+0500	ERROR	app/main.go:30	app run	{"error": "http: Server closed"}
main.main.func1
	/home/ali/Goland/crm_farmish/cmd/app/main.go:30
2024-06-05T23:15:17.064+0500	INFO	app/main.go:28	Listen: 	{"address": "localhost:9050"}
2024-06-05T23:15:26.213+0500	INFO	app/main.go:39	api gateway service stops
2024-06-05T23:15:26.214+0500	ERROR	app/main.go:30	app run	{"error": "http: Server closed"}
main.main.func1
	/home/ali/Goland/crm_farmish/cmd/app/main.go:30
2024-06-05T23:15:27.273+0500	INFO	app/main.go:28	Listen: 	{"address": "localhost:9050"}
2024-06-05T23:16:55.153+0500	INFO	app/main.go:39	api gateway service stops
2024-06-05T23:16:55.153+0500	ERROR	app/main.go:30	app run	{"error": "http: Server closed"}
main.main.func1
	/home/ali/Goland/crm_farmish/cmd/app/main.go:30
2024-06-05T23:16:57.010+0500	INFO	app/main.go:28	Listen: 	{"address": "localhost:9050"}
2024-06-05T23:17:16.998+0500	WARN	regtool/handle_error.go:21	ERROR: column "deleted_at" does not exist (SQLSTATE 42703)
crm-farmish/api/handlers/regtool.HandleError
	/home/ali/Goland/crm_farmish/api/handlers/regtool/handle_error.go:21
crm-farmish/api/handlers/v1.(*HandlerV1).ListFeeding
	/home/ali/Goland/crm_farmish/api/handlers/v1/feeding.go:121
github.com/gin-gonic/gin.(*Context).Next
	/home/ali/go/pkg/mod/github.com/gin-gonic/gin@v1.10.0/context.go:185
github.com/gin-gonic/gin.CustomRecoveryWithWriter.func1
	/home/ali/go/pkg/mod/github.com/gin-gonic/gin@v1.10.0/recovery.go:102
github.com/gin-gonic/gin.(*Context).Next
	/home/ali/go/pkg/mod/github.com/gin-gonic/gin@v1.10.0/context.go:185
github.com/gin-gonic/gin.LoggerWithConfig.func1
	/home/ali/go/pkg/mod/github.com/gin-gonic/gin@v1.10.0/logger.go:249
github.com/gin-gonic/gin.(*Context).Next
	/home/ali/go/pkg/mod/github.com/gin-gonic/gin@v1.10.0/context.go:185
github.com/gin-gonic/gin.(*Engine).handleHTTPRequest
	/home/ali/go/pkg/mod/github.com/gin-gonic/gin@v1.10.0/gin.go:633
github.com/gin-gonic/gin.(*Engine).ServeHTTP
	/home/ali/go/pkg/mod/github.com/gin-gonic/gin@v1.10.0/gin.go:589
net/http.serverHandler.ServeHTTP
	/home/ali/sdk/go1.22.0/src/net/http/server.go:3137
net/http.(*conn).serve
	/home/ali/sdk/go1.22.0/src/net/http/server.go:2039
2024-06-05T23:19:27.190+0500	INFO	app/main.go:39	api gateway service stops
2024-06-05T23:19:27.191+0500	ERROR	app/main.go:30	app run	{"error": "http: Server closed"}
main.main.func1
	/home/ali/Goland/crm_farmish/cmd/app/main.go:30
2024-06-05T23:19:29.124+0500	INFO	app/main.go:28	Listen: 	{"address": "localhost:9050"}
2024-06-05T23:19:31.197+0500	WARN	regtool/handle_error.go:21	ERROR: column "deleted_at" does not exist (SQLSTATE 42703)
crm-farmish/api/handlers/regtool.HandleError
	/home/ali/Goland/crm_farmish/api/handlers/regtool/handle_error.go:21
crm-farmish/api/handlers/v1.(*HandlerV1).ListFeedingByAnimalID
	/home/ali/Goland/crm_farmish/api/handlers/v1/feeding.go:169
github.com/gin-gonic/gin.(*Context).Next
	/home/ali/go/pkg/mod/github.com/gin-gonic/gin@v1.10.0/context.go:185
github.com/gin-gonic/gin.CustomRecoveryWithWriter.func1
	/home/ali/go/pkg/mod/github.com/gin-gonic/gin@v1.10.0/recovery.go:102
github.com/gin-gonic/gin.(*Context).Next
	/home/ali/go/pkg/mod/github.com/gin-gonic/gin@v1.10.0/context.go:185
github.com/gin-gonic/gin.LoggerWithConfig.func1
	/home/ali/go/pkg/mod/github.com/gin-gonic/gin@v1.10.0/logger.go:249
github.com/gin-gonic/gin.(*Context).Next
	/home/ali/go/pkg/mod/github.com/gin-gonic/gin@v1.10.0/context.go:185
github.com/gin-gonic/gin.(*Engine).handleHTTPRequest
	/home/ali/go/pkg/mod/github.com/gin-gonic/gin@v1.10.0/gin.go:633
github.com/gin-gonic/gin.(*Engine).ServeHTTP
	/home/ali/go/pkg/mod/github.com/gin-gonic/gin@v1.10.0/gin.go:589
net/http.serverHandler.ServeHTTP
	/home/ali/sdk/go1.22.0/src/net/http/server.go:3137
net/http.(*conn).serve
	/home/ali/sdk/go1.22.0/src/net/http/server.go:2039
2024-06-05T23:20:03.498+0500	WARN	regtool/handle_error.go:21	ERROR: column "deleted_at" does not exist (SQLSTATE 42703)
crm-farmish/api/handlers/regtool.HandleError
	/home/ali/Goland/crm_farmish/api/handlers/regtool/handle_error.go:21
crm-farmish/api/handlers/v1.(*HandlerV1).ListFeeding
	/home/ali/Goland/crm_farmish/api/handlers/v1/feeding.go:121
github.com/gin-gonic/gin.(*Context).Next
	/home/ali/go/pkg/mod/github.com/gin-gonic/gin@v1.10.0/context.go:185
github.com/gin-gonic/gin.CustomRecoveryWithWriter.func1
	/home/ali/go/pkg/mod/github.com/gin-gonic/gin@v1.10.0/recovery.go:102
github.com/gin-gonic/gin.(*Context).Next
	/home/ali/go/pkg/mod/github.com/gin-gonic/gin@v1.10.0/context.go:185
github.com/gin-gonic/gin.LoggerWithConfig.func1
	/home/ali/go/pkg/mod/github.com/gin-gonic/gin@v1.10.0/logger.go:249
github.com/gin-gonic/gin.(*Context).Next
	/home/ali/go/pkg/mod/github.com/gin-gonic/gin@v1.10.0/context.go:185
github.com/gin-gonic/gin.(*Engine).handleHTTPRequest
	/home/ali/go/pkg/mod/github.com/gin-gonic/gin@v1.10.0/gin.go:633
github.com/gin-gonic/gin.(*Engine).ServeHTTP
	/home/ali/go/pkg/mod/github.com/gin-gonic/gin@v1.10.0/gin.go:589
net/http.serverHandler.ServeHTTP
	/home/ali/sdk/go1.22.0/src/net/http/server.go:3137
net/http.(*conn).serve
	/home/ali/sdk/go1.22.0/src/net/http/server.go:2039
2024-06-05T23:20:14.292+0500	INFO	app/main.go:39	api gateway service stops
2024-06-05T23:20:14.293+0500	ERROR	app/main.go:30	app run	{"error": "http: Server closed"}
main.main.func1
	/home/ali/Goland/crm_farmish/cmd/app/main.go:30
2024-06-05T23:20:16.533+0500	INFO	app/main.go:28	Listen: 	{"address": "localhost:9050"}
2024-06-05T23:20:18.192+0500	WARN	regtool/handle_error.go:21	ERROR: column "deleted_at" does not exist (SQLSTATE 42703)
crm-farmish/api/handlers/regtool.HandleError
	/home/ali/Goland/crm_farmish/api/handlers/regtool/handle_error.go:21
crm-farmish/api/handlers/v1.(*HandlerV1).ListFeeding
	/home/ali/Goland/crm_farmish/api/handlers/v1/feeding.go:121
github.com/gin-gonic/gin.(*Context).Next
	/home/ali/go/pkg/mod/github.com/gin-gonic/gin@v1.10.0/context.go:185
github.com/gin-gonic/gin.CustomRecoveryWithWriter.func1
	/home/ali/go/pkg/mod/github.com/gin-gonic/gin@v1.10.0/recovery.go:102
github.com/gin-gonic/gin.(*Context).Next
	/home/ali/go/pkg/mod/github.com/gin-gonic/gin@v1.10.0/context.go:185
github.com/gin-gonic/gin.LoggerWithConfig.func1
	/home/ali/go/pkg/mod/github.com/gin-gonic/gin@v1.10.0/logger.go:249
github.com/gin-gonic/gin.(*Context).Next
	/home/ali/go/pkg/mod/github.com/gin-gonic/gin@v1.10.0/context.go:185
github.com/gin-gonic/gin.(*Engine).handleHTTPRequest
	/home/ali/go/pkg/mod/github.com/gin-gonic/gin@v1.10.0/gin.go:633
github.com/gin-gonic/gin.(*Engine).ServeHTTP
	/home/ali/go/pkg/mod/github.com/gin-gonic/gin@v1.10.0/gin.go:589
net/http.serverHandler.ServeHTTP
	/home/ali/sdk/go1.22.0/src/net/http/server.go:3137
net/http.(*conn).serve
	/home/ali/sdk/go1.22.0/src/net/http/server.go:2039
2024-06-05T23:21:43.768+0500	INFO	app/main.go:39	api gateway service stops
2024-06-05T23:21:43.768+0500	ERROR	app/main.go:30	app run	{"error": "http: Server closed"}
main.main.func1
	/home/ali/Goland/crm_farmish/cmd/app/main.go:30
2024-06-05T23:21:46.409+0500	INFO	app/main.go:28	Listen: 	{"address": "localhost:9050"}
2024-06-05T23:22:32.945+0500	INFO	app/main.go:39	api gateway service stops
2024-06-05T23:22:34.316+0500	INFO	app/main.go:28	Listen: 	{"address": "localhost:9050"}
2024-06-05T23:25:15.856+0500	INFO	app/main.go:39	api gateway service stops
2024-06-06T07:32:00.213+0500	INFO	app/main.go:28	Listen: 	{"address": "localhost:9050"}
2024-06-06T07:33:51.374+0500	WARN	regtool/handle_error.go:21	ERROR: new row for relation "animals" violates check constraint "animals_gender_check" (SQLSTATE 23514)
crm-farmish/api/handlers/regtool.HandleError
	/home/ali/Goland/crm_farmish/api/handlers/regtool/handle_error.go:21
crm-farmish/api/handlers/v1.(*HandlerV1).CreateAnimals
	/home/ali/Goland/crm_farmish/api/handlers/v1/animals.go:60
github.com/gin-gonic/gin.(*Context).Next
	/home/ali/go/pkg/mod/github.com/gin-gonic/gin@v1.10.0/context.go:185
github.com/gin-gonic/gin.CustomRecoveryWithWriter.func1
	/home/ali/go/pkg/mod/github.com/gin-gonic/gin@v1.10.0/recovery.go:102
github.com/gin-gonic/gin.(*Context).Next
	/home/ali/go/pkg/mod/github.com/gin-gonic/gin@v1.10.0/context.go:185
github.com/gin-gonic/gin.LoggerWithConfig.func1
	/home/ali/go/pkg/mod/github.com/gin-gonic/gin@v1.10.0/logger.go:249
github.com/gin-gonic/gin.(*Context).Next
	/home/ali/go/pkg/mod/github.com/gin-gonic/gin@v1.10.0/context.go:185
github.com/gin-gonic/gin.(*Engine).handleHTTPRequest
	/home/ali/go/pkg/mod/github.com/gin-gonic/gin@v1.10.0/gin.go:633
github.com/gin-gonic/gin.(*Engine).ServeHTTP
	/home/ali/go/pkg/mod/github.com/gin-gonic/gin@v1.10.0/gin.go:589
net/http.serverHandler.ServeHTTP
	/home/ali/sdk/go1.22.0/src/net/http/server.go:3137
net/http.(*conn).serve
	/home/ali/sdk/go1.22.0/src/net/http/server.go:2039
2024-06-06T07:34:19.322+0500	WARN	regtool/handle_error.go:21	expected 3 arguments, got 1
crm-farmish/api/handlers/regtool.HandleError
	/home/ali/Goland/crm_farmish/api/handlers/regtool/handle_error.go:21
crm-farmish/api/handlers/v1.(*HandlerV1).CreateWatering
	/home/ali/Goland/crm_farmish/api/handlers/v1/feeding.go:213
github.com/gin-gonic/gin.(*Context).Next
	/home/ali/go/pkg/mod/github.com/gin-gonic/gin@v1.10.0/context.go:185
github.com/gin-gonic/gin.CustomRecoveryWithWriter.func1
	/home/ali/go/pkg/mod/github.com/gin-gonic/gin@v1.10.0/recovery.go:102
github.com/gin-gonic/gin.(*Context).Next
	/home/ali/go/pkg/mod/github.com/gin-gonic/gin@v1.10.0/context.go:185
github.com/gin-gonic/gin.LoggerWithConfig.func1
	/home/ali/go/pkg/mod/github.com/gin-gonic/gin@v1.10.0/logger.go:249
github.com/gin-gonic/gin.(*Context).Next
	/home/ali/go/pkg/mod/github.com/gin-gonic/gin@v1.10.0/context.go:185
github.com/gin-gonic/gin.(*Engine).handleHTTPRequest
	/home/ali/go/pkg/mod/github.com/gin-gonic/gin@v1.10.0/gin.go:633
github.com/gin-gonic/gin.(*Engine).ServeHTTP
	/home/ali/go/pkg/mod/github.com/gin-gonic/gin@v1.10.0/gin.go:589
net/http.serverHandler.ServeHTTP
	/home/ali/sdk/go1.22.0/src/net/http/server.go:3137
net/http.(*conn).serve
	/home/ali/sdk/go1.22.0/src/net/http/server.go:2039
2024-06-06T07:38:54.752+0500	INFO	app/main.go:39	api gateway service stops
2024-06-06T07:38:54.752+0500	ERROR	app/main.go:30	app run	{"error": "http: Server closed"}
main.main.func1
	/home/ali/Goland/crm_farmish/cmd/app/main.go:30
2024-06-06T07:38:55.885+0500	INFO	app/main.go:28	Listen: 	{"address": "localhost:9050"}
2024-06-06T07:38:59.070+0500	WARN	regtool/handle_error.go:21	expected 3 arguments, got 1
crm-farmish/api/handlers/regtool.HandleError
	/home/ali/Goland/crm_farmish/api/handlers/regtool/handle_error.go:21
crm-farmish/api/handlers/v1.(*HandlerV1).CreateWatering
	/home/ali/Goland/crm_farmish/api/handlers/v1/feeding.go:213
github.com/gin-gonic/gin.(*Context).Next
	/home/ali/go/pkg/mod/github.com/gin-gonic/gin@v1.10.0/context.go:185
github.com/gin-gonic/gin.CustomRecoveryWithWriter.func1
	/home/ali/go/pkg/mod/github.com/gin-gonic/gin@v1.10.0/recovery.go:102
github.com/gin-gonic/gin.(*Context).Next
	/home/ali/go/pkg/mod/github.com/gin-gonic/gin@v1.10.0/context.go:185
github.com/gin-gonic/gin.LoggerWithConfig.func1
	/home/ali/go/pkg/mod/github.com/gin-gonic/gin@v1.10.0/logger.go:249
github.com/gin-gonic/gin.(*Context).Next
	/home/ali/go/pkg/mod/github.com/gin-gonic/gin@v1.10.0/context.go:185
github.com/gin-gonic/gin.(*Engine).handleHTTPRequest
	/home/ali/go/pkg/mod/github.com/gin-gonic/gin@v1.10.0/gin.go:633
github.com/gin-gonic/gin.(*Engine).ServeHTTP
	/home/ali/go/pkg/mod/github.com/gin-gonic/gin@v1.10.0/gin.go:589
net/http.serverHandler.ServeHTTP
	/home/ali/sdk/go1.22.0/src/net/http/server.go:3137
net/http.(*conn).serve
	/home/ali/sdk/go1.22.0/src/net/http/server.go:2039
2024-06-06T07:39:16.097+0500	INFO	app/main.go:39	api gateway service stops
2024-06-06T07:39:16.099+0500	ERROR	app/main.go:30	app run	{"error": "http: Server closed"}
main.main.func1
	/home/ali/Goland/crm_farmish/cmd/app/main.go:30
2024-06-06T07:39:17.819+0500	INFO	app/main.go:28	Listen: 	{"address": "localhost:9050"}
2024-06-06T07:39:22.126+0500	WARN	regtool/handle_error.go:21	expected 3 arguments, got 1
crm-farmish/api/handlers/regtool.HandleError
	/home/ali/Goland/crm_farmish/api/handlers/regtool/handle_error.go:21
crm-farmish/api/handlers/v1.(*HandlerV1).CreateWatering
	/home/ali/Goland/crm_farmish/api/handlers/v1/feeding.go:213
github.com/gin-gonic/gin.(*Context).Next
	/home/ali/go/pkg/mod/github.com/gin-gonic/gin@v1.10.0/context.go:185
github.com/gin-gonic/gin.CustomRecoveryWithWriter.func1
	/home/ali/go/pkg/mod/github.com/gin-gonic/gin@v1.10.0/recovery.go:102
github.com/gin-gonic/gin.(*Context).Next
	/home/ali/go/pkg/mod/github.com/gin-gonic/gin@v1.10.0/context.go:185
github.com/gin-gonic/gin.LoggerWithConfig.func1
	/home/ali/go/pkg/mod/github.com/gin-gonic/gin@v1.10.0/logger.go:249
github.com/gin-gonic/gin.(*Context).Next
	/home/ali/go/pkg/mod/github.com/gin-gonic/gin@v1.10.0/context.go:185
github.com/gin-gonic/gin.(*Engine).handleHTTPRequest
	/home/ali/go/pkg/mod/github.com/gin-gonic/gin@v1.10.0/gin.go:633
github.com/gin-gonic/gin.(*Engine).ServeHTTP
	/home/ali/go/pkg/mod/github.com/gin-gonic/gin@v1.10.0/gin.go:589
net/http.serverHandler.ServeHTTP
	/home/ali/sdk/go1.22.0/src/net/http/server.go:3137
net/http.(*conn).serve
	/home/ali/sdk/go1.22.0/src/net/http/server.go:2039
2024-06-06T07:39:59.202+0500	INFO	app/main.go:39	api gateway service stops
2024-06-06T07:39:59.202+0500	ERROR	app/main.go:30	app run	{"error": "http: Server closed"}
main.main.func1
	/home/ali/Goland/crm_farmish/cmd/app/main.go:30
2024-06-06T07:40:00.307+0500	INFO	app/main.go:28	Listen: 	{"address": "localhost:9050"}
2024-06-06T07:40:01.959+0500	WARN	regtool/handle_error.go:21	expected 3 arguments, got 1
crm-farmish/api/handlers/regtool.HandleError
	/home/ali/Goland/crm_farmish/api/handlers/regtool/handle_error.go:21
crm-farmish/api/handlers/v1.(*HandlerV1).CreateWatering
	/home/ali/Goland/crm_farmish/api/handlers/v1/feeding.go:213
github.com/gin-gonic/gin.(*Context).Next
	/home/ali/go/pkg/mod/github.com/gin-gonic/gin@v1.10.0/context.go:185
github.com/gin-gonic/gin.CustomRecoveryWithWriter.func1
	/home/ali/go/pkg/mod/github.com/gin-gonic/gin@v1.10.0/recovery.go:102
github.com/gin-gonic/gin.(*Context).Next
	/home/ali/go/pkg/mod/github.com/gin-gonic/gin@v1.10.0/context.go:185
github.com/gin-gonic/gin.LoggerWithConfig.func1
	/home/ali/go/pkg/mod/github.com/gin-gonic/gin@v1.10.0/logger.go:249
github.com/gin-gonic/gin.(*Context).Next
	/home/ali/go/pkg/mod/github.com/gin-gonic/gin@v1.10.0/context.go:185
github.com/gin-gonic/gin.(*Engine).handleHTTPRequest
	/home/ali/go/pkg/mod/github.com/gin-gonic/gin@v1.10.0/gin.go:633
github.com/gin-gonic/gin.(*Engine).ServeHTTP
	/home/ali/go/pkg/mod/github.com/gin-gonic/gin@v1.10.0/gin.go:589
net/http.serverHandler.ServeHTTP
	/home/ali/sdk/go1.22.0/src/net/http/server.go:3137
net/http.(*conn).serve
	/home/ali/sdk/go1.22.0/src/net/http/server.go:2039
2024-06-06T07:40:18.350+0500	INFO	app/main.go:39	api gateway service stops
2024-06-06T07:40:18.351+0500	ERROR	app/main.go:30	app run	{"error": "http: Server closed"}
main.main.func1
	/home/ali/Goland/crm_farmish/cmd/app/main.go:30
2024-06-06T07:40:19.864+0500	INFO	app/main.go:28	Listen: 	{"address": "localhost:9050"}
2024-06-06T07:40:21.259+0500	WARN	regtool/handle_error.go:21	cannot convert [5825b721-1aa5-4a2c-8b5d-d018015dbed3] to UUID
crm-farmish/api/handlers/regtool.HandleError
	/home/ali/Goland/crm_farmish/api/handlers/regtool/handle_error.go:21
crm-farmish/api/handlers/v1.(*HandlerV1).CreateWatering
	/home/ali/Goland/crm_farmish/api/handlers/v1/feeding.go:213
github.com/gin-gonic/gin.(*Context).Next
	/home/ali/go/pkg/mod/github.com/gin-gonic/gin@v1.10.0/context.go:185
github.com/gin-gonic/gin.CustomRecoveryWithWriter.func1
	/home/ali/go/pkg/mod/github.com/gin-gonic/gin@v1.10.0/recovery.go:102
github.com/gin-gonic/gin.(*Context).Next
	/home/ali/go/pkg/mod/github.com/gin-gonic/gin@v1.10.0/context.go:185
github.com/gin-gonic/gin.LoggerWithConfig.func1
	/home/ali/go/pkg/mod/github.com/gin-gonic/gin@v1.10.0/logger.go:249
github.com/gin-gonic/gin.(*Context).Next
	/home/ali/go/pkg/mod/github.com/gin-gonic/gin@v1.10.0/context.go:185
github.com/gin-gonic/gin.(*Engine).handleHTTPRequest
	/home/ali/go/pkg/mod/github.com/gin-gonic/gin@v1.10.0/gin.go:633
github.com/gin-gonic/gin.(*Engine).ServeHTTP
	/home/ali/go/pkg/mod/github.com/gin-gonic/gin@v1.10.0/gin.go:589
net/http.serverHandler.ServeHTTP
	/home/ali/sdk/go1.22.0/src/net/http/server.go:3137
net/http.(*conn).serve
	/home/ali/sdk/go1.22.0/src/net/http/server.go:2039
2024-06-06T07:40:37.521+0500	INFO	app/main.go:39	api gateway service stops
2024-06-06T07:40:37.522+0500	ERROR	app/main.go:30	app run	{"error": "http: Server closed"}
main.main.func1
	/home/ali/Goland/crm_farmish/cmd/app/main.go:30
2024-06-06T07:40:38.810+0500	INFO	app/main.go:28	Listen: 	{"address": "localhost:9050"}
2024-06-06T07:40:40.207+0500	WARN	regtool/handle_error.go:21	expected 3 arguments, got 1
crm-farmish/api/handlers/regtool.HandleError
	/home/ali/Goland/crm_farmish/api/handlers/regtool/handle_error.go:21
crm-farmish/api/handlers/v1.(*HandlerV1).CreateWatering
	/home/ali/Goland/crm_farmish/api/handlers/v1/feeding.go:213
github.com/gin-gonic/gin.(*Context).Next
	/home/ali/go/pkg/mod/github.com/gin-gonic/gin@v1.10.0/context.go:185
github.com/gin-gonic/gin.CustomRecoveryWithWriter.func1
	/home/ali/go/pkg/mod/github.com/gin-gonic/gin@v1.10.0/recovery.go:102
github.com/gin-gonic/gin.(*Context).Next
	/home/ali/go/pkg/mod/github.com/gin-gonic/gin@v1.10.0/context.go:185
github.com/gin-gonic/gin.LoggerWithConfig.func1
	/home/ali/go/pkg/mod/github.com/gin-gonic/gin@v1.10.0/logger.go:249
github.com/gin-gonic/gin.(*Context).Next
	/home/ali/go/pkg/mod/github.com/gin-gonic/gin@v1.10.0/context.go:185
github.com/gin-gonic/gin.(*Engine).handleHTTPRequest
	/home/ali/go/pkg/mod/github.com/gin-gonic/gin@v1.10.0/gin.go:633
github.com/gin-gonic/gin.(*Engine).ServeHTTP
	/home/ali/go/pkg/mod/github.com/gin-gonic/gin@v1.10.0/gin.go:589
net/http.serverHandler.ServeHTTP
	/home/ali/sdk/go1.22.0/src/net/http/server.go:3137
net/http.(*conn).serve
	/home/ali/sdk/go1.22.0/src/net/http/server.go:2039
2024-06-06T07:41:57.035+0500	INFO	app/main.go:39	api gateway service stops
2024-06-06T07:41:57.036+0500	ERROR	app/main.go:30	app run	{"error": "http: Server closed"}
main.main.func1
	/home/ali/Goland/crm_farmish/cmd/app/main.go:30
2024-06-06T07:41:58.265+0500	INFO	app/main.go:28	Listen: 	{"address": "localhost:9050"}
2024-06-06T07:42:00.206+0500	WARN	regtool/handle_error.go:21	cannot convert [aaad371e-3db1-4974-8720-5f011c40ce2a] to UUID
crm-farmish/api/handlers/regtool.HandleError
	/home/ali/Goland/crm_farmish/api/handlers/regtool/handle_error.go:21
crm-farmish/api/handlers/v1.(*HandlerV1).CreateWatering
	/home/ali/Goland/crm_farmish/api/handlers/v1/feeding.go:213
github.com/gin-gonic/gin.(*Context).Next
	/home/ali/go/pkg/mod/github.com/gin-gonic/gin@v1.10.0/context.go:185
github.com/gin-gonic/gin.CustomRecoveryWithWriter.func1
	/home/ali/go/pkg/mod/github.com/gin-gonic/gin@v1.10.0/recovery.go:102
github.com/gin-gonic/gin.(*Context).Next
	/home/ali/go/pkg/mod/github.com/gin-gonic/gin@v1.10.0/context.go:185
github.com/gin-gonic/gin.LoggerWithConfig.func1
	/home/ali/go/pkg/mod/github.com/gin-gonic/gin@v1.10.0/logger.go:249
github.com/gin-gonic/gin.(*Context).Next
	/home/ali/go/pkg/mod/github.com/gin-gonic/gin@v1.10.0/context.go:185
github.com/gin-gonic/gin.(*Engine).handleHTTPRequest
	/home/ali/go/pkg/mod/github.com/gin-gonic/gin@v1.10.0/gin.go:633
github.com/gin-gonic/gin.(*Engine).ServeHTTP
	/home/ali/go/pkg/mod/github.com/gin-gonic/gin@v1.10.0/gin.go:589
net/http.serverHandler.ServeHTTP
	/home/ali/sdk/go1.22.0/src/net/http/server.go:3137
net/http.(*conn).serve
	/home/ali/sdk/go1.22.0/src/net/http/server.go:2039
2024-06-06T07:42:48.320+0500	INFO	app/main.go:39	api gateway service stops
2024-06-06T07:42:48.320+0500	ERROR	app/main.go:30	app run	{"error": "http: Server closed"}
main.main.func1
	/home/ali/Goland/crm_farmish/cmd/app/main.go:30
2024-06-06T07:42:49.455+0500	INFO	app/main.go:28	Listen: 	{"address": "localhost:9050"}
2024-06-06T07:43:07.444+0500	WARN	regtool/handle_error.go:21	no rows in result set
crm-farmish/api/handlers/regtool.HandleError
	/home/ali/Goland/crm_farmish/api/handlers/regtool/handle_error.go:21
crm-farmish/api/handlers/v1.(*HandlerV1).GetWatering
	/home/ali/Goland/crm_farmish/api/handlers/v1/feeding.go:246
github.com/gin-gonic/gin.(*Context).Next
	/home/ali/go/pkg/mod/github.com/gin-gonic/gin@v1.10.0/context.go:185
github.com/gin-gonic/gin.CustomRecoveryWithWriter.func1
	/home/ali/go/pkg/mod/github.com/gin-gonic/gin@v1.10.0/recovery.go:102
github.com/gin-gonic/gin.(*Context).Next
	/home/ali/go/pkg/mod/github.com/gin-gonic/gin@v1.10.0/context.go:185
github.com/gin-gonic/gin.LoggerWithConfig.func1
	/home/ali/go/pkg/mod/github.com/gin-gonic/gin@v1.10.0/logger.go:249
github.com/gin-gonic/gin.(*Context).Next
	/home/ali/go/pkg/mod/github.com/gin-gonic/gin@v1.10.0/context.go:185
github.com/gin-gonic/gin.(*Engine).handleHTTPRequest
	/home/ali/go/pkg/mod/github.com/gin-gonic/gin@v1.10.0/gin.go:633
github.com/gin-gonic/gin.(*Engine).ServeHTTP
	/home/ali/go/pkg/mod/github.com/gin-gonic/gin@v1.10.0/gin.go:589
net/http.serverHandler.ServeHTTP
	/home/ali/sdk/go1.22.0/src/net/http/server.go:3137
net/http.(*conn).serve
	/home/ali/sdk/go1.22.0/src/net/http/server.go:2039
2024-06-06T07:44:08.124+0500	INFO	app/main.go:39	api gateway service stops
2024-06-06T07:44:08.124+0500	ERROR	app/main.go:30	app run	{"error": "http: Server closed"}
main.main.func1
	/home/ali/Goland/crm_farmish/cmd/app/main.go:30
2024-06-06T07:44:09.315+0500	INFO	app/main.go:28	Listen: 	{"address": "localhost:9050"}
2024-06-06T07:44:10.890+0500	WARN	regtool/handle_error.go:21	no rows in result set
crm-farmish/api/handlers/regtool.HandleError
	/home/ali/Goland/crm_farmish/api/handlers/regtool/handle_error.go:21
crm-farmish/api/handlers/v1.(*HandlerV1).GetWatering
	/home/ali/Goland/crm_farmish/api/handlers/v1/feeding.go:249
github.com/gin-gonic/gin.(*Context).Next
	/home/ali/go/pkg/mod/github.com/gin-gonic/gin@v1.10.0/context.go:185
github.com/gin-gonic/gin.CustomRecoveryWithWriter.func1
	/home/ali/go/pkg/mod/github.com/gin-gonic/gin@v1.10.0/recovery.go:102
github.com/gin-gonic/gin.(*Context).Next
	/home/ali/go/pkg/mod/github.com/gin-gonic/gin@v1.10.0/context.go:185
github.com/gin-gonic/gin.LoggerWithConfig.func1
	/home/ali/go/pkg/mod/github.com/gin-gonic/gin@v1.10.0/logger.go:249
github.com/gin-gonic/gin.(*Context).Next
	/home/ali/go/pkg/mod/github.com/gin-gonic/gin@v1.10.0/context.go:185
github.com/gin-gonic/gin.(*Engine).handleHTTPRequest
	/home/ali/go/pkg/mod/github.com/gin-gonic/gin@v1.10.0/gin.go:633
github.com/gin-gonic/gin.(*Engine).ServeHTTP
	/home/ali/go/pkg/mod/github.com/gin-gonic/gin@v1.10.0/gin.go:589
net/http.serverHandler.ServeHTTP
	/home/ali/sdk/go1.22.0/src/net/http/server.go:3137
net/http.(*conn).serve
	/home/ali/sdk/go1.22.0/src/net/http/server.go:2039
2024-06-06T07:46:12.625+0500	INFO	app/main.go:39	api gateway service stops
2024-06-06T07:46:12.626+0500	ERROR	app/main.go:30	app run	{"error": "http: Server closed"}
main.main.func1
	/home/ali/Goland/crm_farmish/cmd/app/main.go:30
2024-06-06T07:46:14.183+0500	INFO	app/main.go:28	Listen: 	{"address": "localhost:9050"}
2024-06-06T07:47:11.966+0500	INFO	app/main.go:39	api gateway service stops
2024-06-06T07:47:11.967+0500	ERROR	app/main.go:30	app run	{"error": "http: Server closed"}
main.main.func1
	/home/ali/Goland/crm_farmish/cmd/app/main.go:30
2024-06-06T07:47:13.230+0500	INFO	app/main.go:28	Listen: 	{"address": "localhost:9050"}
2024-06-06T07:47:55.617+0500	INFO	app/main.go:39	api gateway service stops
2024-06-06T07:47:55.617+0500	ERROR	app/main.go:30	app run	{"error": "http: Server closed"}
main.main.func1
	/home/ali/Goland/crm_farmish/cmd/app/main.go:30
2024-06-06T07:47:59.482+0500	INFO	app/main.go:28	Listen: 	{"address": "localhost:9050"}
2024-06-06T07:48:15.862+0500	INFO	app/main.go:39	api gateway service stops
2024-06-06T07:48:15.862+0500	ERROR	app/main.go:30	app run	{"error": "http: Server closed"}
main.main.func1
	/home/ali/Goland/crm_farmish/cmd/app/main.go:30
2024-06-06T10:37:35.538+0500	INFO	app/main.go:28	Listen: 	{"address": "localhost:9050"}
2024-06-06T10:40:32.593+0500	INFO	app/main.go:39	api gateway service stops
2024-06-06T10:40:32.594+0500	ERROR	app/main.go:30	app run	{"error": "http: Server closed"}
main.main.func1
	/home/ali/Goland/crm_farmish/cmd/app/main.go:30
